app/build/intermediates/manifest_merge_blame_file/debug/processDebugMainManifest/manifest-merger-blame-debug-report.txt
1<?xml version="1.0" encoding="utf-8"?>
2<manifest xmlns:android="http://schemas.android.com/apk/res/android"
3    package="ca.yorku.eecs.mack.groupproject"
4    android:versionCode="1"
5    android:versionName="1.0" >
6
7    <uses-sdk
8        android:minSdkVersion="13"
9        android:targetSdkVersion="33" />
10
11    <!-- NOTE: minSdkVersion and targetSdkVersion specified in build.gradle -->
12    <application
12-->src\main\AndroidManifest.xml:8:5-31:19
13        android:allowBackup="false"
13-->src\main\AndroidManifest.xml:10:9-36
14        android:debuggable="true"
15        android:extractNativeLibs="true"
16        android:icon="@mipmap/ic_launcher"
16-->src\main\AndroidManifest.xml:11:9-43
17        android:label="@string/app_name"
17-->src\main\AndroidManifest.xml:12:9-41
18        android:testOnly="true"
19        android:theme="@android:style/Theme.Holo" >
19-->src\main\AndroidManifest.xml:9:9-50
20
21        <!-- VOWEL INTRO ACTIVITY -->
22        <activity
22-->src\main\AndroidManifest.xml:15:9-23:20
23            android:name="ca.yorku.eecs.mack.groupproject.Vowel_Intro"
23-->src\main\AndroidManifest.xml:16:13-71
24            android:exported="true" >
24-->src\main\AndroidManifest.xml:17:13-36
25            <intent-filter>
25-->src\main\AndroidManifest.xml:18:13-22:29
26                <action android:name="android.intent.action.MAIN" />
26-->src\main\AndroidManifest.xml:19:17-68
26-->src\main\AndroidManifest.xml:19:25-66
27                <action android:name="android.intent.action.VIEW" />
27-->src\main\AndroidManifest.xml:20:17-68
27-->src\main\AndroidManifest.xml:20:25-66
28
29                <category android:name="android.intent.category.LAUNCHER" />
29-->src\main\AndroidManifest.xml:21:17-76
29-->src\main\AndroidManifest.xml:21:27-74
30            </intent-filter>
31        </activity>
32
33        <!-- K- INTRO ACTIVITY -->
34        <activity
34-->src\main\AndroidManifest.xml:26:9-29:20
35            android:name="ca.yorku.eecs.mack.groupproject.K_Intro"
35-->src\main\AndroidManifest.xml:27:13-67
36            android:exported="true" >
36-->src\main\AndroidManifest.xml:28:13-36
37        </activity>
38    </application>
39
40</manifest>